2023-01-12T14:47:42.941Z - info: Website generation started at 10:47:33 pm
2023-01-12T14:47:48.979Z - info: Building assets...
2023-01-12T14:47:53.534Z - info: Assets built
2023-01-12T14:47:53.535Z - info: Generating pages...
2023-01-12T14:48:24.647Z - debug:  
2023-01-12T14:48:24.660Z - debug:  
2023-01-12T14:48:24.661Z - debug:  
2023-01-12T14:48:24.662Z - debug:  
2023-01-12T14:48:24.663Z - debug:  
2023-01-12T14:48:24.664Z - debug:  
2023-01-12T14:48:24.665Z - debug:  
2023-01-12T14:48:24.750Z - debug:  
2023-01-12T14:48:24.751Z - debug:  
2023-01-12T14:48:30.356Z - debug:  
2023-01-12T14:48:30.357Z - debug:  
2023-01-12T14:48:30.357Z - debug:  
2023-01-12T14:48:42.378Z - debug:  
2023-01-12T14:53:05.839Z - debug:  
2023-01-12T14:53:33.144Z - debug:  
2023-01-12T14:53:33.145Z - debug:  
2023-01-12T14:53:47.385Z - info: Pages built
2023-01-12T14:53:51.618Z - info: Site data built
2023-01-12T14:53:51.618Z - info: Website generation complete! Total build time: 378.106s
2023-01-12T14:53:51.619Z - info: Build success!
2023-01-12T14:58:22.836Z - info: The website has been deployed at: https://nus-cs2113-ay2223s2.github.io/website
