2023-04-02T16:21:22.918Z - error: EBUSY: resource busy or locked, unlink 'D:\Teaching\CS2113\_AY2223S2\ay2223s2-website\_site\admin\teamList.page-vue-render.js'
2023-04-02T16:22:29.399Z - info: The website has been deployed at: https://nus-cs2113-ay2223s2.github.io/website
2023-04-02T16:27:16.090Z - info: Website generation started at 12:27:09 am
2023-04-02T16:27:23.859Z - info: Building assets...
2023-04-02T16:27:27.789Z - info: Assets built
2023-04-02T16:27:27.790Z - info: Generating pages...
2023-04-02T16:27:50.408Z - debug:  
2023-04-02T16:27:50.409Z - debug:  
2023-04-02T16:27:50.409Z - debug:  
2023-04-02T16:27:50.410Z - debug:  
2023-04-02T16:27:50.410Z - debug:  
2023-04-02T16:27:50.410Z - debug:  
2023-04-02T16:27:50.419Z - debug:  
2023-04-02T16:27:50.419Z - debug:  
2023-04-02T16:27:50.420Z - debug:  
2023-04-02T16:27:50.420Z - debug:  
2023-04-02T16:27:50.420Z - debug:  
2023-04-02T16:27:50.420Z - debug:  
2023-04-02T16:27:54.924Z - debug:  
2023-04-02T16:30:40.284Z - debug:  
2023-04-02T16:31:00.406Z - debug:  
2023-04-02T16:31:00.406Z - debug:  
2023-04-02T16:31:08.718Z - info: Pages built
2023-04-02T16:31:10.069Z - info: Site data built
2023-04-02T16:31:10.069Z - info: Website generation complete! Total build time: 240.451s
2023-04-02T16:31:10.069Z - info: Build success!
2023-04-02T16:33:53.399Z - info: The website has been deployed at: https://nus-cs2113-ay2223s2.github.io/website
