2023-01-12T16:06:53.533Z - info: Website generation started at 12:06:49 am
2023-01-12T16:06:58.224Z - info: Building assets...
2023-01-12T16:07:01.786Z - info: Assets built
2023-01-12T16:07:01.786Z - info: Generating pages...
2023-01-12T16:07:19.779Z - debug:  
2023-01-12T16:07:19.823Z - debug:  
2023-01-12T16:07:19.825Z - debug:  
2023-01-12T16:07:19.825Z - debug:  
2023-01-12T16:07:19.826Z - debug:  
2023-01-12T16:07:19.850Z - debug:  
2023-01-12T16:07:19.850Z - debug:  
2023-01-12T16:07:19.858Z - debug:  
2023-01-12T16:07:19.858Z - debug:  
2023-01-12T16:07:19.859Z - debug:  
2023-01-12T16:07:22.928Z - debug:  
2023-01-12T16:07:22.928Z - debug:  
2023-01-12T16:07:27.638Z - debug:  
2023-01-12T16:09:56.143Z - debug:  
2023-01-12T16:10:11.519Z - debug:  
2023-01-12T16:10:11.519Z - debug:  
2023-01-12T16:10:18.228Z - info: Pages built
2023-01-12T16:10:19.948Z - info: Site data built
2023-01-12T16:10:19.949Z - info: Website generation complete! Total build time: 210.786s
2023-01-12T16:10:19.949Z - info: Build success!
2023-01-12T16:13:45.596Z - info: The website has been deployed at: https://nus-cs2113-ay2223s2.github.io/website
2023-01-13T15:06:20.682Z - info: Website generation started at 11:06:16 pm
2023-01-13T15:06:24.682Z - info: Building assets...
2023-01-13T15:06:28.132Z - info: Assets built
2023-01-13T15:06:28.133Z - info: Generating pages...
2023-01-13T15:06:50.610Z - debug:  
2023-01-13T15:06:50.610Z - debug:  
2023-01-13T15:06:50.610Z - debug:  
2023-01-13T15:06:50.611Z - debug:  
2023-01-13T15:06:50.611Z - debug:  
2023-01-13T15:06:50.612Z - debug:  
2023-01-13T15:06:50.612Z - debug:  
2023-01-13T15:06:50.612Z - debug:  
2023-01-13T15:06:50.612Z - debug:  
2023-01-13T15:06:50.612Z - debug:  
2023-01-13T15:06:50.612Z - debug:  
2023-01-13T15:06:50.613Z - debug:  
2023-01-13T15:06:55.053Z - debug:  
2023-01-13T15:09:08.651Z - debug:  
2023-01-13T15:09:22.982Z - debug:  
2023-01-13T15:09:22.982Z - debug:  
2023-01-13T15:09:31.609Z - info: Pages built
2023-01-13T15:09:32.983Z - info: Site data built
2023-01-13T15:09:32.984Z - info: Website generation complete! Total build time: 196.932s
2023-01-13T15:09:32.984Z - info: Build success!
2023-01-13T15:16:08.723Z - info: The website has been deployed at: https://nus-cs2113-ay2223s2.github.io/website
