2023-03-21T08:55:47.989Z - info: Website generation started at 4:55:30 pm
2023-03-21T08:56:00.309Z - info: Building assets...
2023-03-21T08:56:08.003Z - info: Assets built
2023-03-21T08:56:08.005Z - info: Generating pages...
2023-03-21T08:56:31.854Z - debug:  
2023-03-21T08:56:31.855Z - debug:  
2023-03-21T08:56:31.874Z - debug:  
2023-03-21T08:56:31.937Z - debug:  
2023-03-21T08:56:31.958Z - debug:  
2023-03-21T08:56:31.959Z - debug:  
2023-03-21T08:56:31.970Z - debug:  
2023-03-21T08:56:31.975Z - debug:  
2023-03-21T08:56:31.985Z - debug:  
2023-03-21T08:56:31.986Z - debug:  
2023-03-21T08:56:34.775Z - debug:  
2023-03-21T08:56:34.776Z - debug:  
2023-03-21T08:56:39.934Z - debug:  
2023-03-21T08:58:55.625Z - debug:  
2023-03-21T08:59:08.710Z - debug:  
2023-03-21T08:59:08.710Z - debug:  
2023-03-21T08:59:17.477Z - info: Pages built
2023-03-21T08:59:18.798Z - info: Site data built
2023-03-21T08:59:18.798Z - info: Website generation complete! Total build time: 227.962s
2023-03-21T08:59:18.798Z - info: Build success!
2023-03-21T09:03:20.161Z - info: The website has been deployed at: https://nus-cs2113-ay2223s2.github.io/website
