2023-03-14T23:57:33.957Z - info: Website generation started at 7:57:24 am
2023-03-14T23:57:40.806Z - info: Building assets...
2023-03-14T23:57:46.764Z - info: Assets built
2023-03-14T23:57:46.766Z - info: Generating pages...
2023-03-14T23:58:15.595Z - debug:  
2023-03-14T23:58:15.596Z - debug:  
2023-03-14T23:58:15.597Z - debug:  
2023-03-14T23:58:15.598Z - debug:  
2023-03-14T23:58:15.599Z - debug:  
2023-03-14T23:58:15.603Z - debug:  
2023-03-14T23:58:15.609Z - debug:  
2023-03-14T23:58:15.611Z - debug:  
2023-03-14T23:58:15.621Z - debug:  
2023-03-14T23:58:15.622Z - debug:  
2023-03-14T23:58:15.701Z - debug:  
2023-03-14T23:58:22.123Z - debug:  
2023-03-14T23:58:30.099Z - debug:  
2023-03-15T00:02:57.970Z - debug:  
2023-03-15T00:03:14.402Z - debug:  
2023-03-15T00:03:14.402Z - debug:  
2023-03-15T00:03:23.377Z - info: Pages built
2023-03-15T00:03:26.189Z - info: Site data built
2023-03-15T00:03:26.190Z - info: Website generation complete! Total build time: 361.214s
2023-03-15T00:03:26.190Z - info: Build success!
2023-03-15T00:07:12.538Z - info: The website has been deployed at: https://nus-cs2113-ay2223s2.github.io/website
