2023-02-18T14:48:57.800Z - info: Website generation started at 10:48:48 pm
2023-02-18T14:49:04.329Z - info: Building assets...
2023-02-18T14:49:08.441Z - info: Assets built
2023-02-18T14:49:08.442Z - info: Generating pages...
2023-02-18T14:49:28.359Z - debug:  
2023-02-18T14:49:28.366Z - debug:  
2023-02-18T14:49:28.409Z - debug:  
2023-02-18T14:49:28.410Z - debug:  
2023-02-18T14:49:28.411Z - debug:  
2023-02-18T14:49:28.625Z - debug:  
2023-02-18T14:49:31.292Z - debug:  
2023-02-18T14:49:31.292Z - debug:  
2023-02-18T14:49:31.292Z - debug:  
2023-02-18T14:49:31.292Z - debug:  
2023-02-18T14:49:31.293Z - debug:  
2023-02-18T14:49:31.350Z - debug:  
2023-02-18T14:49:36.691Z - debug:  
2023-02-18T14:52:40.982Z - debug:  
2023-02-18T14:52:56.173Z - debug:  
2023-02-18T14:52:56.173Z - debug:  
2023-02-18T14:53:05.584Z - info: Pages built
2023-02-18T14:53:06.961Z - info: Site data built
2023-02-18T14:53:06.962Z - info: Website generation complete! Total build time: 258.132s
2023-02-18T14:53:06.962Z - info: Build success!
2023-02-18T14:57:06.606Z - info: The website has been deployed at: https://nus-cs2113-ay2223s2.github.io/website
