2023-03-05T14:18:07.332Z - info: Website generation started at 10:17:59 pm
2023-03-05T14:18:12.869Z - info: Building assets...
2023-03-05T14:18:17.108Z - info: Assets built
2023-03-05T14:18:17.109Z - info: Generating pages...
2023-03-05T14:18:40.447Z - debug:  
2023-03-05T14:18:40.447Z - debug:  
2023-03-05T14:18:40.448Z - debug:  
2023-03-05T14:18:40.449Z - debug:  
2023-03-05T14:18:40.449Z - debug:  
2023-03-05T14:18:40.450Z - debug:  
2023-03-05T14:18:43.669Z - debug:  
2023-03-05T14:18:43.669Z - debug:  
2023-03-05T14:18:43.669Z - debug:  
2023-03-05T14:18:43.669Z - debug:  
2023-03-05T14:18:43.670Z - debug:  
2023-03-05T14:18:43.775Z - debug:  
2023-03-05T14:18:50.009Z - debug:  
2023-03-05T14:21:22.914Z - debug:  
2023-03-05T14:21:39.457Z - debug:  
2023-03-05T14:21:39.457Z - debug:  
2023-03-05T14:21:48.890Z - info: Pages built
2023-03-05T14:21:50.319Z - info: Site data built
2023-03-05T14:21:50.320Z - info: Website generation complete! Total build time: 230.534s
2023-03-05T14:21:50.320Z - info: Build success!
2023-03-05T14:24:44.489Z - info: The website has been deployed at: https://nus-cs2113-ay2223s2.github.io/website
