2023-01-29T17:15:16.870Z - info: Website generation started at 1:15:09 am
2023-01-29T17:15:22.192Z - info: Building assets...
2023-01-29T17:15:26.493Z - info: Assets built
2023-01-29T17:15:26.494Z - info: Generating pages...
2023-01-29T17:15:55.172Z - debug:  
2023-01-29T17:15:55.183Z - debug:  
2023-01-29T17:15:55.183Z - debug:  
2023-01-29T17:15:55.187Z - debug:  
2023-01-29T17:15:55.187Z - debug:  
2023-01-29T17:15:55.188Z - debug:  
2023-01-29T17:15:55.193Z - debug:  
2023-01-29T17:15:55.194Z - debug:  
2023-01-29T17:15:55.200Z - debug:  
2023-01-29T17:15:55.202Z - debug:  
2023-01-29T17:15:55.202Z - debug:  
2023-01-29T17:16:01.370Z - debug:  
2023-01-29T17:16:08.227Z - debug:  
2023-01-29T17:18:51.891Z - debug:  
2023-01-29T17:19:08.018Z - debug:  
2023-01-29T17:19:08.019Z - debug:  
2023-01-29T17:19:17.598Z - info: Pages built
2023-01-29T17:19:19.834Z - info: Site data built
2023-01-29T17:19:19.834Z - info: Website generation complete! Total build time: 250.348s
2023-01-29T17:19:19.835Z - info: Build success!
2023-01-29T17:24:09.061Z - info: The website has been deployed at: https://nus-cs2113-ay2223s2.github.io/website
2023-01-29T18:03:55.548Z - info: Website generation started at 2:03:48 am
2023-01-29T18:04:02.212Z - info: Building assets...
2023-01-29T18:04:07.689Z - info: Assets built
2023-01-29T18:04:07.691Z - info: Generating pages...
2023-01-29T18:04:40.470Z - debug:  
2023-01-29T18:04:40.470Z - debug:  
2023-01-29T18:04:40.472Z - debug:  
2023-01-29T18:04:40.472Z - debug:  
2023-01-29T18:04:40.473Z - debug:  
2023-01-29T18:04:40.475Z - debug:  
2023-01-29T18:04:40.475Z - debug:  
2023-01-29T18:04:40.475Z - debug:  
2023-01-29T18:04:40.475Z - debug:  
2023-01-29T18:04:40.476Z - debug:  
2023-01-29T18:04:40.519Z - debug:  
2023-01-29T18:04:43.802Z - debug:  
2023-01-29T18:04:51.323Z - debug:  
2023-01-29T18:07:48.636Z - debug:  
2023-01-29T18:08:06.111Z - debug:  
2023-01-29T18:08:06.214Z - debug:  
2023-01-29T18:08:16.702Z - info: Pages built
2023-01-29T18:08:18.005Z - info: Site data built
2023-01-29T18:08:18.005Z - info: Website generation complete! Total build time: 269.131s
2023-01-29T18:08:18.005Z - info: Build success!
2023-01-29T18:12:03.390Z - info: The website has been deployed at: https://nus-cs2113-ay2223s2.github.io/website
