2023-01-23T16:00:29.919Z - info: Website generation started at 12:00:22 am
2023-01-23T16:00:35.479Z - info: Building assets...
2023-01-23T16:00:39.524Z - info: Assets built
2023-01-23T16:00:39.525Z - info: Generating pages...
2023-01-23T16:01:01.020Z - debug:  
2023-01-23T16:01:01.020Z - debug:  
2023-01-23T16:01:01.021Z - debug:  
2023-01-23T16:01:01.021Z - debug:  
2023-01-23T16:01:01.084Z - debug:  
2023-01-23T16:01:01.085Z - debug:  
2023-01-23T16:01:01.085Z - debug:  
2023-01-23T16:01:01.086Z - debug:  
2023-01-23T16:01:01.116Z - debug:  
2023-01-23T16:01:01.117Z - debug:  
2023-01-23T16:01:01.141Z - debug:  
2023-01-23T16:01:06.068Z - debug:  
2023-01-23T16:01:13.454Z - debug:  
2023-01-23T16:03:51.431Z - debug:  
2023-01-23T16:04:07.877Z - debug:  
2023-01-23T16:04:07.877Z - debug:  
2023-01-23T16:04:17.409Z - info: Pages built
2023-01-23T16:04:23.048Z - info: Site data built
2023-01-23T16:04:23.049Z - info: Website generation complete! Total build time: 240.429s
2023-01-23T16:04:23.049Z - info: Build success!
2023-01-23T16:09:24.582Z - info: Website generation started at 12:09:19 am
2023-01-23T16:09:28.968Z - info: Building assets...
